{"/Users/sergejdvinov/Documents/Study/2016 October/DWA/debug/test/__debug.js":{"path":"/Users/sergejdvinov/Documents/Study/2016 October/DWA/debug/test/__debug.js","s":{"1":1,"2":1,"3":1,"4":0,"5":0,"6":0},"b":{},"f":{},"fnMap":{},"statementMap":{"1":{"start":{"line":1,"column":0},"end":{"line":1,"column":38}},"2":{"start":{"line":2,"column":0},"end":{"line":2,"column":36}},"3":{"start":{"line":4,"column":0},"end":{"line":9,"column":3}},"4":{"start":{"line":5,"column":2},"end":{"line":8,"column":5}},"5":{"start":{"line":6,"column":4},"end":{"line":6,"column":39}},"6":{"start":{"line":7,"column":4},"end":{"line":7,"column":11}}},"branchMap":{}}}